<?xml version="1.0" encoding="UTF-8"?>
<testsuite xmlns:xsi="http://www.w3.org/2001/XMLSchema-instance" xsi:noNamespaceSchemaLocation="https://maven.apache.org/surefire/maven-surefire-plugin/xsd/surefire-test-report-3.0.xsd" version="3.0" name="com.mtm.dmn.DmnEvaluatorApplicationTests" time="0.942" tests="1" errors="0" skipped="0" failures="0">
  <properties>
[...]
</properties>
  <testcase name="contextLoads" classname="com.mtm.dmn.DmnEvaluatorApplicationTests" time="0.299">
    <system-out><![CDATA[06:05:47.502 [main] INFO org.springframework.test.context.support.AnnotationConfigContextLoaderUtils -- Could not detect default configuration classes for test class [com.mtm.dmn.DmnEvaluatorApplicationTests]: DmnEvaluatorApplicationTests does not declare any static, non-private, non-final, nested classes annotated with @Configuration.
06:05:47.535 [main] INFO org.springframework.boot.test.context.SpringBootTestContextBootstrapper -- Found @SpringBootConfiguration com.mtm.dmn.DmnEvaluatorApplication for test class com.mtm.dmn.DmnEvaluatorApplicationTests
06:05:47.574 [main] INFO org.springframework.boot.devtools.restart.RestartApplicationListener -- Restart disabled due to context in which it is running
  .   ____          _            __ _ _
 /\\ / ___'_ __ _ _(_)_ __  __ _ \ \ \ \
( ( )\___ | '_ | '_| | '_ \/ _` | \ \ \ \
 \\/  ___)| |_)| | | | | || (_| |  ) ) ) )
  '  |____| .__|_| |_|_| |_\__, | / / / /
 =========|_|==============|___/=/_/_/_/

 :: Spring Boot ::                (v3.3.0)

2025-09-18 06:05:47 - Starting DmnEvaluatorApplicationTests using Java 25 with PID 68766 (started by mtmanju in /Users/mtmanju/Manju_Projects/mtm-dmn-evaluator)
2025-09-18 06:05:47 - Running with Spring Boot v3.3.0, Spring v6.1.8
2025-09-18 06:05:47 - No active profile set, falling back to 1 default profile: "default"
2025-09-18 06:05:47 - Adding welcome page template: index
2025-09-18 06:05:48 - Started DmnEvaluatorApplicationTests in 0.527 seconds (process running for 0.803)
]]></system-out>
    <system-err><![CDATA[WARNING: A Java agent has been loaded dynamically (/Users/mtmanju/.m2/repository/net/bytebuddy/byte-buddy-agent/1.14.16/byte-buddy-agent-1.14.16.jar)
WARNING: If a serviceability tool is in use, please run with -XX:+EnableDynamicAgentLoading to hide this warning
WARNING: If a serviceability tool is not in use, please run with -Djdk.instrument.traceUsage for more information
WARNING: Dynamic loading of agents will be disallowed by default in a future release
]]></system-err>
  </testcase>
</testsuite>